<?xml version="1.0" encoding="UTF-8"?>
<!-- Generated by org.testng.reporters.JUnitXMLReporter -->
<testsuite ignored="0" hostname="DESKTOP-DE1MPQQ" failures="0" tests="1" name="Test" time="0.146" errors="0" timestamp="2024-12-12T22:08:18 IST">
  <testcase classname="com.nous.sanpdeal.testcases.LoginPageTest" name="@BeforeMethod setup" time="-1.734021498891E9">
    <failure type="org.testng.TestNGException" message="
Parameter &amp;apos;browser&amp;apos; is required by BeforeMethod on method setup but has not been marked @Optional or defined
in C:\Users\DELL\eclipse-workspace\sanpdeal\testng.xml">
      <![CDATA[org.testng.TestNGException: 
Parameter 'browser' is required by BeforeMethod on method setup but has not been marked @Optional or defined
in C:\Users\DELL\eclipse-workspace\sanpdeal\testng.xml
at java.base/java.util.ArrayList.forEach(ArrayList.java:1596)
... Removed 28 stack frames]]>
    </failure>
  </testcase> <!-- @BeforeMethod setup -->
  <testcase classname="com.nous.sanpdeal.testcases.LoginPageTest" name="login_Test" time="0.001">
    <skipped/>
  </testcase> <!-- login_Test -->
</testsuite> <!-- Test -->
